# JRE version: OpenJDK Runtime Environment (11.0.15) (build 11.0.15+0-b2043.56-8887301)
# Java VM: OpenJDK 64-Bit Server VM (11.0.15+0-b2043.56-8887301, mixed mode, tiered, compressed oops, g1 gc, windows-amd64)
Heap:
 garbage-first heap   total 274432K, used 199355K [0x0000000080000000, 0x0000000100000000)
  region size 1024K, 7 young (7168K), 1 survivors (1024K)
 Metaspace       used 146723K, capacity 151177K, committed 152196K, reserved 1181696K
  class space    used 18390K, capacity 19976K, committed 20480K, reserved 1048576K
GC Heap History (20 events):
Event: 2392.229 GC heap before
{Heap before GC invocations=30 (full 0):
 garbage-first heap   total 266240K, used 219515K [0x0000000080000000, 0x0000000100000000)
  region size 1024K, 84 young (86016K), 2 survivors (2048K)
 Metaspace       used 124200K, capacity 128169K, committed 130180K, reserved 1161216K
  class space    used 15380K, capacity 16802K, committed 17664K, reserved 1048576K
}
Event: 2392.235 GC heap after
{Heap after GC invocations=31 (full 0):
 garbage-first heap   total 266240K, used 139282K [0x0000000080000000, 0x0000000100000000)
  region size 1024K, 5 young (5120K), 5 survivors (5120K)
 Metaspace       used 124200K, capacity 128169K, committed 130180K, reserved 1161216K
  class space    used 15380K, capacity 16802K, committed 17664K, reserved 1048576K
}
Event: 2392.944 GC heap before
{Heap before GC invocations=32 (full 0):
 garbage-first heap   total 266240K, used 216082K [0x0000000080000000, 0x0000000100000000)
  region size 1024K, 85 young (87040K), 5 survivors (5120K)
 Metaspace       used 130986K, capacity 135144K, committed 136708K, reserved 1167360K
  class space    used 16344K, capacity 17819K, committed 18560K, reserved 1048576K
}
Event: 2392.950 GC heap after
{Heap after GC invocations=33 (full 0):
 garbage-first heap   total 266240K, used 140052K [0x0000000080000000, 0x0000000100000000)
  region size 1024K, 10 young (10240K), 10 survivors (10240K)
 Metaspace       used 130986K, capacity 135144K, committed 136708K, reserved 1167360K
  class space    used 16344K, capacity 17819K, committed 18560K, reserved 1048576K
}
Event: 2392.976 GC heap before
{Heap before GC invocations=33 (full 0):
 garbage-first heap   total 266240K, used 142100K [0x0000000080000000, 0x0000000100000000)
  region size 1024K, 13 young (13312K), 10 survivors (10240K)
 Metaspace       used 131396K, capacity 135528K, committed 136964K, reserved 1167360K
  class space    used 16406K, capacity 17883K, committed 18560K, reserved 1048576K
}
Event: 2392.982 GC heap after
{Heap after GC invocations=34 (full 0):
 garbage-first heap   total 266240K, used 137001K [0x0000000080000000, 0x0000000100000000)
  region size 1024K, 2 young (2048K), 2 survivors (2048K)
 Metaspace       used 131396K, capacity 135528K, committed 136964K, reserved 1167360K
  class space    used 16406K, capacity 17883K, committed 18560K, reserved 1048576K
}
Event: 2393.250 GC heap before
{Heap before GC invocations=34 (full 0):
 garbage-first heap   total 266240K, used 169769K [0x0000000080000000, 0x0000000100000000)
  region size 1024K, 35 young (35840K), 2 survivors (2048K)
 Metaspace       used 133851K, capacity 137984K, committed 139524K, reserved 1169408K
  class space    used 16692K, capacity 18182K, committed 18816K, reserved 1048576K
}
Event: 2393.253 GC heap after
{Heap after GC invocations=35 (full 0):
 garbage-first heap   total 266240K, used 138152K [0x0000000080000000, 0x0000000100000000)
  region size 1024K, 3 young (3072K), 3 survivors (3072K)
 Metaspace       used 133851K, capacity 137984K, committed 139524K, reserved 1169408K
  class space    used 16692K, capacity 18182K, committed 18816K, reserved 1048576K
}
Event: 2393.957 GC heap before
{Heap before GC invocations=36 (full 0):
 garbage-first heap   total 266240K, used 222120K [0x0000000080000000, 0x0000000100000000)
  region size 1024K, 84 young (86016K), 3 survivors (3072K)
 Metaspace       used 138622K, capacity 142936K, committed 144388K, reserved 1173504K
  class space    used 17425K, capacity 18974K, committed 19584K, reserved 1048576K
}
Event: 2393.962 GC heap after
{Heap after GC invocations=37 (full 0):
 garbage-first heap   total 266240K, used 142928K [0x0000000080000000, 0x0000000100000000)
  region size 1024K, 8 young (8192K), 8 survivors (8192K)
 Metaspace       used 138622K, capacity 142936K, committed 144388K, reserved 1173504K
  class space    used 17425K, capacity 18974K, committed 19584K, reserved 1048576K
}
Event: 2394.019 GC heap before
{Heap before GC invocations=37 (full 0):
 garbage-first heap   total 266240K, used 148048K [0x0000000080000000, 0x0000000100000000)
  region size 1024K, 13 young (13312K), 8 survivors (8192K)
 Metaspace       used 139109K, capacity 143406K, committed 145028K, reserved 1175552K
  class space    used 17496K, capacity 19041K, committed 19712K, reserved 1048576K
}
Event: 2394.023 GC heap after
{Heap after GC invocations=38 (full 0):
 garbage-first heap   total 266240K, used 143509K [0x0000000080000000, 0x0000000100000000)
  region size 1024K, 2 young (2048K), 2 survivors (2048K)
 Metaspace       used 139109K, capacity 143406K, committed 145028K, reserved 1175552K
  class space    used 17496K, capacity 19041K, committed 19712K, reserved 1048576K
}
Event: 2394.839 GC heap before
{Heap before GC invocations=38 (full 0):
 garbage-first heap   total 266240K, used 262293K [0x0000000080000000, 0x0000000100000000)
  region size 1024K, 80 young (81920K), 2 survivors (2048K)
 Metaspace       used 141909K, capacity 146490K, committed 147588K, reserved 1177600K
  class space    used 17860K, capacity 19463K, committed 19968K, reserved 1048576K
}
Event: 2394.845 GC heap after
{Heap after GC invocations=39 (full 0):
 garbage-first heap   total 274432K, used 192296K [0x0000000080000000, 0x0000000100000000)
  region size 1024K, 10 young (10240K), 10 survivors (10240K)
 Metaspace       used 141909K, capacity 146490K, committed 147588K, reserved 1177600K
  class space    used 17860K, capacity 19463K, committed 19968K, reserved 1048576K
}
Event: 2395.191 GC heap before
{Heap before GC invocations=40 (full 0):
 garbage-first heap   total 274432K, used 235304K [0x0000000080000000, 0x0000000100000000)
  region size 1024K, 53 young (54272K), 10 survivors (10240K)
 Metaspace       used 143346K, capacity 147923K, committed 149124K, reserved 1177600K
  class space    used 18047K, capacity 19682K, committed 20224K, reserved 1048576K
}
Event: 2395.197 GC heap after
{Heap after GC invocations=41 (full 0):
 garbage-first heap   total 274432K, used 193520K [0x0000000080000000, 0x0000000100000000)
  region size 1024K, 2 young (2048K), 2 survivors (2048K)
 Metaspace       used 143346K, capacity 147923K, committed 149124K, reserved 1177600K
  class space    used 18047K, capacity 19682K, committed 20224K, reserved 1048576K
}
Event: 2395.350 GC heap before
{Heap before GC invocations=41 (full 0):
 garbage-first heap   total 274432K, used 204784K [0x0000000080000000, 0x0000000100000000)
  region size 1024K, 13 young (13312K), 2 survivors (2048K)
 Metaspace       used 143979K, capacity 148447K, committed 149380K, reserved 1179648K
  class space    used 18136K, capacity 19750K, committed 20224K, reserved 1048576K
}
Event: 2395.354 GC heap after
{Heap after GC invocations=42 (full 0):
 garbage-first heap   total 274432K, used 192871K [0x0000000080000000, 0x0000000100000000)
  region size 1024K, 1 young (1024K), 1 survivors (1024K)
 Metaspace       used 143979K, capacity 148447K, committed 149380K, reserved 1179648K
  class space    used 18136K, capacity 19750K, committed 20224K, reserved 1048576K
}
Event: 2395.489 GC heap before
{Heap before GC invocations=42 (full 0):
 garbage-first heap   total 274432K, used 236903K [0x0000000080000000, 0x0000000100000000)
  region size 1024K, 44 young (45056K), 1 survivors (1024K)
 Metaspace       used 146072K, capacity 150531K, committed 151556K, reserved 1181696K
  class space    used 18304K, capacity 19911K, committed 20352K, reserved 1048576K
}
Event: 2395.492 GC heap after
{Heap after GC invocations=43 (full 0):
 garbage-first heap   total 274432K, used 194235K [0x0000000080000000, 0x0000000100000000)
  region size 1024K, 1 young (1024K), 1 survivors (1024K)
 Metaspace       used 146072K, capacity 150531K, committed 151556K, reserved 1181696K
  class space    used 18304K, capacity 19911K, committed 20352K, reserved 1048576K
}

